INFO:filter_move:filter_move:2024-08-04 13:08:08:./wallpapers/001-黄白侧颜蒙眼美女.mp4 is too large, size: 74.5703067779541 MB
INFO:filter_move:filter_move:2024-08-04 13:08:08:./wallpapers/006-黄白午睡闭眼少女.mp4 is too large, size: 139.9792947769165 MB
INFO:filter_move:filter_move:2024-08-04 13:08:08:./wallpapers/009-星际迷航.mp4 is too large, size: 206.4514865875244 MB
INFO:filter_move:filter_move:2024-08-04 13:08:08:./wallpapers/011-追忆时光.mp4 is too large, size: 173.49370670318604 MB
INFO:filter_move:filter_move:2024-08-04 13:08:08:./wallpapers/015-海边背影少妇.mp4 is too large, size: 336.8202705383301 MB
INFO:filter_move:filter_move:2024-08-04 13:08:08:./wallpapers/016-多位女孩.mp4 is too large, size: 169.77331352233887 MB
INFO:filter_move:filter_move:2024-08-04 13:08:08:./wallpapers/018-孤独的树.mp4 is too large, size: 88.62017154693604 MB
INFO:filter_move:filter_move:2024-08-04 13:08:08:./wallpapers/019-雨天.mp4 is too large, size: 70.11009216308594 MB
INFO:filter_move:filter_move:2024-08-04 13:08:08:./wallpapers/024-电脑少女.mp4 is too large, size: 51.24959945678711 MB
INFO:filter_move:filter_move:2024-08-04 13:08:08:./wallpapers/026-下雪.mp4 is too large, size: 132.68733978271484 MB
INFO:filter_move:filter_move:2024-08-04 13:08:08:./wallpapers/033-沙漏少女.mp4 is too large, size: 158.60405445098877 MB
INFO:filter_move:filter_move:2024-08-04 13:08:08:./wallpapers/037-丝绸少女.mp4 is too large, size: 56.26723670959473 MB
INFO:filter_move:filter_move:2024-08-04 13:08:08:./wallpapers/038-游泳池少女.mp4 is too large, size: 57.96820545196533 MB
INFO:filter_move:filter_move:2024-08-04 13:08:08:./wallpapers/039-白丝少女.mp4 is too large, size: 126.41263389587402 MB
INFO:filter_move:filter_move:2024-08-04 13:08:08:./wallpapers/040-樱花少女.mp4 is too large, size: 58.903846740722656 MB
INFO:filter_move:filter_move:2024-08-04 13:08:08:./wallpapers/041-翅膀女孩.mp4 is too large, size: 104.76351165771484 MB
INFO:filter_move:filter_move:2024-08-04 13:08:08:./wallpapers/042-黑发女孩.mp4 is too large, size: 53.14681816101074 MB
INFO:filter_move:filter_move:2024-08-04 13:08:08:./wallpapers/043-雨中公交车.mp4 is too large, size: 57.816256523132324 MB
INFO:filter_move:filter_move:2024-08-04 13:08:08:./wallpapers/044-鹅卵石.mp4 is too large, size: 56.01547145843506 MB
INFO:filter_move:filter_move:2024-08-04 13:08:08:./wallpapers/045-雨中高层.mp4 is too large, size: 56.6286506652832 MB
INFO:filter_move:filter_move:2024-08-04 13:08:08:./wallpapers/046-荷花.mp4 is too large, size: 57.97381401062012 MB
INFO:filter_move:filter_move:2024-08-04 13:08:08:move 21 files to ./baidu/
